<?xml version="1.0" encoding="UTF-8"?>
<testng-results ignored="0" total="1" passed="1" failed="0" skipped="0">
  <reporter-output>
  </reporter-output>
  <suite started-at="2024-01-05T22:05:15 IST" name="Default suite" finished-at="2024-01-05T22:05:20 IST" duration-ms="4718">
    <groups>
    </groups>
    <test started-at="2024-01-05T22:05:15 IST" name="Default test" finished-at="2024-01-05T22:05:20 IST" duration-ms="4718">
      <class name="com.mymaven1.Google">
        <test-method signature="googlesearch()[pri:0, instance:com.mymaven1.Google@13fd2ccd]" started-at="2024-01-05T22:05:16 IST" name="googlesearch" finished-at="2024-01-05T22:05:20 IST" duration-ms="4672" status="PASS">
          <reporter-output>
          </reporter-output>
        </test-method> <!-- googlesearch -->
      </class> <!-- com.mymaven1.Google -->
    </test> <!-- Default test -->
  </suite> <!-- Default suite -->
</testng-results>
